<?xml version="1.0" encoding="UTF-8"?>
<!-- Generated by org.testng.reporters.JUnitReportReporter -->
<testsuite skipped="0" hostname="MehediAziz" name="TestNG.Features.ParametersTest" tests="1" failures="0" timestamp="07 Feb 2019 07:16:12 GMT" time="7.337" errors="0">
  <testcase name="searchTest" time="7.337" classname="TestNG.Features.ParametersTest"/>
</testsuite> <!-- TestNG.Features.ParametersTest -->
