<?xml version="1.0" encoding="UTF-8"?>
<!-- Generated by org.testng.reporters.JUnitReportReporter -->
<testsuite skipped="0" hostname="MehediAziz" name="TestNG.Features.ExceptionTimeOutTest" tests="1" failures="0" timestamp="07 Feb 2019 07:16:55 GMT" time="0.005" errors="0">
  <testcase name="Test1" time="0.005" classname="TestNG.Features.ExceptionTimeOutTest"/>
</testsuite> <!-- TestNG.Features.ExceptionTimeOutTest -->
