<?xml version="1.0" encoding="UTF-8"?>
<!-- Generated by org.testng.reporters.JUnitReportReporter -->
<testsuite skipped="0" hostname="MehediAziz" name="com.testNG.qa.ParametersTest" tests="1" failures="0" timestamp="30 Jan 2019 08:29:06 GMT" time="7.626" errors="0">
  <testcase name="searchTest" time="7.626" classname="com.testNG.qa.ParametersTest"/>
</testsuite> <!-- com.testNG.qa.ParametersTest -->
