<?xml version="1.0" encoding="UTF-8"?>
<!-- Generated by org.testng.reporters.JUnitReportReporter -->
<testsuite skipped="0" hostname="MehediAziz" name="TestNG.Features.InvocationCountTest" tests="5" failures="0" timestamp="07 Feb 2019 07:16:55 GMT" time="0.001" errors="0">
  <testcase name="sum" time="0.000" classname="TestNG.Features.InvocationCountTest"/>
  <testcase name="sum" time="0.000" classname="TestNG.Features.InvocationCountTest"/>
  <testcase name="sum" time="0.001" classname="TestNG.Features.InvocationCountTest"/>
  <testcase name="sum" time="0.000" classname="TestNG.Features.InvocationCountTest"/>
  <testcase name="sum" time="0.000" classname="TestNG.Features.InvocationCountTest"/>
</testsuite> <!-- TestNG.Features.InvocationCountTest -->
