<?xml version="1.0" encoding="UTF-8"?>
<!-- Generated by org.testng.reporters.JUnitReportReporter -->
<testsuite skipped="0" hostname="MehediAziz" name="com.testNG.qa.TestNGBasics" tests="3" failures="0" timestamp="30 Jan 2019 07:26:23 GMT" time="0.008" errors="0">
  <testcase name="googleTitleTest" time="0.006" classname="com.testNG.qa.TestNGBasics"/>
  <testcase name="searchTest" time="0.001" classname="com.testNG.qa.TestNGBasics"/>
  <testcase name="googleLogoTest" time="0.001" classname="com.testNG.qa.TestNGBasics"/>
</testsuite> <!-- com.testNG.qa.TestNGBasics -->
