<?xml version="1.0" encoding="UTF-8"?>
<!-- Generated by org.testng.reporters.JUnitReportReporter -->
<testsuite skipped="0" hostname="MehediAziz" name="TestNG.DataProvider.HalfEbayTest" tests="4" failures="0" timestamp="06 Mar 2019 16:14:28 GMT" time="71.459" errors="0">
  <testcase name="halfEbayRegPageTest" time="18.359" classname="TestNG.DataProvider.HalfEbayTest"/>
  <testcase name="halfEbayRegPageTest" time="17.623" classname="TestNG.DataProvider.HalfEbayTest"/>
  <testcase name="halfEbayRegPageTest" time="17.762" classname="TestNG.DataProvider.HalfEbayTest"/>
  <testcase name="halfEbayRegPageTest" time="17.715" classname="TestNG.DataProvider.HalfEbayTest"/>
</testsuite> <!-- TestNG.DataProvider.HalfEbayTest -->
