<?xml version="1.0" encoding="UTF-8"?>
<!-- Generated by org.testng.reporters.JUnitReportReporter -->
<testsuite skipped="0" hostname="MehediAziz" name="com.testNG.qa.ExceptionTimeOutTest" tests="1" failures="0" timestamp="30 Jan 2019 07:28:03 GMT" time="0.005" errors="0">
  <testcase name="Test1" time="0.005" classname="com.testNG.qa.ExceptionTimeOutTest"/>
</testsuite> <!-- com.testNG.qa.ExceptionTimeOutTest -->
