<?xml version="1.0" encoding="UTF-8"?>
<!-- Generated by org.testng.reporters.JUnitReportReporter -->
<testsuite skipped="0" hostname="MehediAziz" name="com.testNG.qa.GoogleTest" tests="6" failures="0" timestamp="30 Jan 2019 07:26:12 GMT" time="99.769" errors="0">
  <testcase name="googleTitleTest" time="16.369" classname="com.testNG.qa.GoogleTest"/>
  <testcase name="googleLogoTest" time="16.345" classname="com.testNG.qa.GoogleTest"/>
  <testcase name="mailLinkTest" time="16.588" classname="com.testNG.qa.GoogleTest"/>
  <testcase name="Test1" time="16.719" classname="com.testNG.qa.GoogleTest"/>
  <testcase name="Test2" time="16.565" classname="com.testNG.qa.GoogleTest"/>
  <testcase name="Test3" time="17.183" classname="com.testNG.qa.GoogleTest"/>
</testsuite> <!-- com.testNG.qa.GoogleTest -->
