<?xml version="1.0" encoding="UTF-8"?>
<!-- Generated by org.testng.reporters.JUnitReportReporter -->
<testsuite skipped="0" hostname="MehediAziz" name="com.dataProvider.qa.HalfEbayTest" tests="4" failures="0" timestamp="07 Feb 2019 07:03:10 GMT" time="74.027" errors="0">
  <testcase name="halfEbayRegPageTest" time="19.043" classname="com.dataProvider.qa.HalfEbayTest"/>
  <testcase name="halfEbayRegPageTest" time="18.457" classname="com.dataProvider.qa.HalfEbayTest"/>
  <testcase name="halfEbayRegPageTest" time="18.459" classname="com.dataProvider.qa.HalfEbayTest"/>
  <testcase name="halfEbayRegPageTest" time="18.068" classname="com.dataProvider.qa.HalfEbayTest"/>
</testsuite> <!-- com.dataProvider.qa.HalfEbayTest -->
