<?xml version="1.0" encoding="UTF-8"?>
<!-- Generated by org.testng.reporters.JUnitReportReporter -->
<testsuite skipped="0" hostname="MehediAziz" name="com.testNG.qa.TestNGFeatures" tests="1" failures="0" timestamp="30 Jan 2019 07:28:03 GMT" time="0.001" errors="0">
  <testcase name="loginTest" time="0.001" classname="com.testNG.qa.TestNGFeatures"/>
</testsuite> <!-- com.testNG.qa.TestNGFeatures -->
