<?xml version="1.0" encoding="UTF-8"?>
<!-- Generated by org.testng.reporters.JUnitReportReporter -->
<testsuite skipped="0" hostname="MehediAziz" name="com.testNG.qa.InvocationCountTest" tests="5" failures="0" timestamp="30 Jan 2019 07:29:53 GMT" time="0.008" errors="0">
  <testcase name="sum" time="0.002" classname="com.testNG.qa.InvocationCountTest"/>
  <testcase name="sum" time="0.000" classname="com.testNG.qa.InvocationCountTest"/>
  <testcase name="sum" time="0.005" classname="com.testNG.qa.InvocationCountTest"/>
  <testcase name="sum" time="0.000" classname="com.testNG.qa.InvocationCountTest"/>
  <testcase name="sum" time="0.001" classname="com.testNG.qa.InvocationCountTest"/>
</testsuite> <!-- com.testNG.qa.InvocationCountTest -->
