<?xml version="1.0" encoding="UTF-8"?>
<!-- Generated by org.testng.reporters.JUnitReportReporter -->
<testsuite skipped="0" hostname="MehediAziz" name="TestNG.Features.ScreenRecordingTest" tests="1" failures="0" timestamp="08 Mar 2019 07:46:52 GMT" time="18.137" errors="0">
  <testcase name="amazonTest" time="18.137" classname="TestNG.Features.ScreenRecordingTest"/>
</testsuite> <!-- TestNG.Features.ScreenRecordingTest -->
